SF:/Users/sebastiansandqvist/Documents/Sites & Projects/apps/modules/s-valid/index.js
DA:1,1
DA:3,1
DA:5,1
DA:6,1
DA:7,1
DA:8,1
DA:9,1
DA:10,1
DA:11,1
DA:12,1
DA:13,1
DA:14,1
DA:15,1
end_of_record
SF:/Users/sebastiansandqvist/Documents/Sites & Projects/apps/modules/s-valid/affirmative.js
DA:1,1
DA:5,1
DA:7,27
DA:9,27
end_of_record
SF:/Users/sebastiansandqvist/Documents/Sites & Projects/apps/modules/s-valid/alpha.js
DA:1,1
DA:5,1
DA:7,19
DA:9,19
end_of_record
SF:/Users/sebastiansandqvist/Documents/Sites & Projects/apps/modules/s-valid/alphaNumeric.js
DA:1,1
DA:5,1
DA:7,17
DA:9,17
end_of_record
SF:/Users/sebastiansandqvist/Documents/Sites & Projects/apps/modules/s-valid/card.js
DA:1,1
DA:7,1
DA:9,11
DA:11,64
DA:20,1
end_of_record
SF:/Users/sebastiansandqvist/Documents/Sites & Projects/apps/modules/s-valid/creditCard.js
DA:1,1
DA:8,1
DA:11,60
DA:14,58
DA:15,4
DA:20,54
DA:22,54
DA:24,846
DA:25,846
DA:27,846
DA:28,102
DA:31,846
DA:32,846
DA:35,54
end_of_record
SF:/Users/sebastiansandqvist/Documents/Sites & Projects/apps/modules/s-valid/email.js
DA:1,1
DA:5,1
DA:7,13
DA:9,13
end_of_record
SF:/Users/sebastiansandqvist/Documents/Sites & Projects/apps/modules/s-valid/negatory.js
DA:1,1
DA:5,1
DA:7,21
DA:9,21
end_of_record
SF:/Users/sebastiansandqvist/Documents/Sites & Projects/apps/modules/s-valid/numeric.js
DA:1,1
DA:5,1
DA:7,14
DA:9,13
DA:10,1
DA:13,12
end_of_record
SF:/Users/sebastiansandqvist/Documents/Sites & Projects/apps/modules/s-valid/url.js
DA:1,1
DA:5,1
DA:7,23
DA:9,23
end_of_record
SF:/Users/sebastiansandqvist/Documents/Sites & Projects/apps/modules/s-valid/value.js
DA:1,1
DA:5,1
DA:7,27
DA:9,26
DA:12,26
DA:13,12
DA:16,26
end_of_record
SF:/Users/sebastiansandqvist/Documents/Sites & Projects/apps/modules/s-valid/zipCode.js
DA:1,1
DA:8,1
DA:11,19
DA:14,18
DA:16,18
DA:17,6
DA:21,12
DA:23,12
end_of_record
