SF:/Users/sebastiansandqvist/Documents/Sites & Projects/apps/modules/s-valid/index.js
DA:1,1
DA:3,1
DA:12,1
DA:40,1
DA:42,254
DA:43,240
DA:46,14
DA:52,1
DA:54,119
DA:55,7
DA:58,112
DA:60,112
DA:64,1
DA:66,41
DA:67,1
DA:70,40
DA:77,1
DA:79,25
DA:86,1
DA:88,15
DA:95,1
DA:97,17
DA:104,1
DA:106,9
DA:113,1
DA:115,19
DA:122,1
DA:124,12
DA:125,1
DA:128,11
DA:129,1
DA:132,10
DA:139,1
DA:141,25
DA:143,24
DA:144,24
DA:147,24
DA:148,11
DA:154,1
DA:157,24
DA:164,1
DA:166,21
DA:173,1
DA:175,17
DA:177,17
DA:178,6
DA:181,11
DA:190,1
DA:192,11
DA:194,39
DA:195,17
DA:198,22
DA:207,1
DA:228,1
DA:230,55
DA:231,3
DA:235,52
DA:236,4
DA:240,48
DA:242,284
DA:243,284
DA:244,44
DA:252,4
DA:254,4
DA:256,64
DA:257,64
DA:259,64
DA:260,10
DA:263,64
DA:264,64
DA:267,4
DA:272,1
end_of_record
