{"/Users/sebastiansandqvist/Documents/Sites & Projects/apps/modules/s-valid/index.js":{"path":"/Users/sebastiansandqvist/Documents/Sites & Projects/apps/modules/s-valid/index.js","s":{"1":1,"2":1,"3":1,"4":147,"5":138,"6":9,"7":1,"8":108,"9":6,"10":102,"11":102,"12":1,"13":46,"14":1,"15":25,"16":1,"17":15,"18":1,"19":17,"20":1,"21":9,"22":1,"23":19,"24":1,"25":12,"26":1,"27":11,"28":1,"29":10,"30":1,"31":25,"32":24,"33":24,"34":24,"35":11,"36":1,"37":24,"38":1,"39":21,"40":1,"41":88,"42":84,"43":4,"44":1,"45":12,"46":44,"47":0,"48":44,"49":12,"50":32,"51":1,"52":1,"53":25,"54":1,"55":24,"56":24,"57":0,"58":24,"59":121,"60":121,"61":22,"62":2,"63":2,"64":32,"65":32,"66":32,"67":5,"68":32,"69":32,"70":2,"71":1,"72":11,"73":1,"74":10,"75":1,"76":6,"77":1,"78":5,"79":5,"80":3,"81":2,"82":1},"b":{"1":[138,9],"2":[147,9],"3":[6,102],"4":[1,11],"5":[1,10],"6":[24,1],"7":[11,13],"8":[84,4],"9":[88,4],"10":[0,44],"11":[12,32],"12":[1,24],"13":[0,24],"14":[24,24],"15":[121,0],"16":[22,99],"17":[5,27],"18":[32,16],"19":[1,10],"20":[1,5],"21":[3,2],"22":[5,4]},"f":{"1":147,"2":108,"3":46,"4":25,"5":15,"6":17,"7":9,"8":19,"9":12,"10":25,"11":21,"12":88,"13":12,"14":44,"15":25,"16":11,"17":6},"fnMap":{"1":{"name":"(anonymous_1)","line":38,"loc":{"start":{"line":38,"column":18},"end":{"line":38,"column":32}}},"2":{"name":"(anonymous_2)","line":50,"loc":{"start":{"line":50,"column":20},"end":{"line":50,"column":42}}},"3":{"name":"(anonymous_3)","line":61,"loc":{"start":{"line":61,"column":24},"end":{"line":61,"column":44}}},"4":{"name":"(anonymous_4)","line":68,"loc":{"start":{"line":68,"column":20},"end":{"line":68,"column":34}}},"5":{"name":"(anonymous_5)","line":77,"loc":{"start":{"line":77,"column":21},"end":{"line":77,"column":35}}},"6":{"name":"(anonymous_6)","line":86,"loc":{"start":{"line":86,"column":14},"end":{"line":86,"column":28}}},"7":{"name":"(anonymous_7)","line":95,"loc":{"start":{"line":95,"column":14},"end":{"line":95,"column":28}}},"8":{"name":"(anonymous_8)","line":104,"loc":{"start":{"line":104,"column":17},"end":{"line":104,"column":31}}},"9":{"name":"(anonymous_9)","line":113,"loc":{"start":{"line":113,"column":16},"end":{"line":113,"column":30}}},"10":{"name":"(anonymous_10)","line":130,"loc":{"start":{"line":130,"column":14},"end":{"line":130,"column":28}}},"11":{"name":"(anonymous_11)","line":155,"loc":{"start":{"line":155,"column":12},"end":{"line":155,"column":26}}},"12":{"name":"(anonymous_12)","line":169,"loc":{"start":{"line":169,"column":18},"end":{"line":169,"column":32}}},"13":{"name":"CreditCard","line":184,"loc":{"start":{"line":184,"column":0},"end":{"line":184,"column":26}}},"14":{"name":"(anonymous_14)","line":186,"loc":{"start":{"line":186,"column":8},"end":{"line":186,"column":20}}},"15":{"name":"(anonymous_15)","line":227,"loc":{"start":{"line":227,"column":40},"end":{"line":227,"column":52}}},"16":{"name":"(anonymous_16)","line":275,"loc":{"start":{"line":275,"column":16},"end":{"line":275,"column":28}}},"17":{"name":"(anonymous_17)","line":288,"loc":{"start":{"line":288,"column":16},"end":{"line":288,"column":28}}}},"statementMap":{"1":{"start":{"line":3,"column":0},"end":{"line":3,"column":15}},"2":{"start":{"line":12,"column":0},"end":{"line":31,"column":2}},"3":{"start":{"line":38,"column":0},"end":{"line":46,"column":2}},"4":{"start":{"line":40,"column":1},"end":{"line":42,"column":2}},"5":{"start":{"line":41,"column":2},"end":{"line":41,"column":14}},"6":{"start":{"line":44,"column":1},"end":{"line":44,"column":14}},"7":{"start":{"line":50,"column":0},"end":{"line":59,"column":2}},"8":{"start":{"line":52,"column":1},"end":{"line":54,"column":2}},"9":{"start":{"line":53,"column":2},"end":{"line":53,"column":15}},"10":{"start":{"line":56,"column":1},"end":{"line":56,"column":25}},"11":{"start":{"line":58,"column":1},"end":{"line":58,"column":40}},"12":{"start":{"line":61,"column":0},"end":{"line":63,"column":2}},"13":{"start":{"line":62,"column":1},"end":{"line":62,"column":49}},"14":{"start":{"line":68,"column":0},"end":{"line":72,"column":2}},"15":{"start":{"line":70,"column":1},"end":{"line":70,"column":45}},"16":{"start":{"line":77,"column":0},"end":{"line":81,"column":2}},"17":{"start":{"line":79,"column":1},"end":{"line":79,"column":46}},"18":{"start":{"line":86,"column":0},"end":{"line":90,"column":2}},"19":{"start":{"line":88,"column":1},"end":{"line":88,"column":44}},"20":{"start":{"line":95,"column":0},"end":{"line":99,"column":2}},"21":{"start":{"line":97,"column":1},"end":{"line":97,"column":39}},"22":{"start":{"line":104,"column":0},"end":{"line":108,"column":2}},"23":{"start":{"line":106,"column":1},"end":{"line":106,"column":42}},"24":{"start":{"line":113,"column":0},"end":{"line":125,"column":2}},"25":{"start":{"line":115,"column":1},"end":{"line":117,"column":2}},"26":{"start":{"line":116,"column":2},"end":{"line":116,"column":15}},"27":{"start":{"line":119,"column":1},"end":{"line":121,"column":2}},"28":{"start":{"line":120,"column":2},"end":{"line":120,"column":15}},"29":{"start":{"line":123,"column":1},"end":{"line":123,"column":20}},"30":{"start":{"line":130,"column":0},"end":{"line":150,"column":2}},"31":{"start":{"line":132,"column":1},"end":{"line":146,"column":2}},"32":{"start":{"line":134,"column":2},"end":{"line":134,"column":29}},"33":{"start":{"line":135,"column":2},"end":{"line":135,"column":63}},"34":{"start":{"line":138,"column":2},"end":{"line":140,"column":3}},"35":{"start":{"line":139,"column":3},"end":{"line":139,"column":22}},"36":{"start":{"line":145,"column":2},"end":{"line":145,"column":15}},"37":{"start":{"line":148,"column":1},"end":{"line":148,"column":34}},"38":{"start":{"line":155,"column":0},"end":{"line":159,"column":2}},"39":{"start":{"line":157,"column":1},"end":{"line":157,"column":37}},"40":{"start":{"line":169,"column":0},"end":{"line":177,"column":2}},"41":{"start":{"line":171,"column":1},"end":{"line":173,"column":2}},"42":{"start":{"line":172,"column":2},"end":{"line":172,"column":14}},"43":{"start":{"line":175,"column":1},"end":{"line":175,"column":14}},"44":{"start":{"line":184,"column":0},"end":{"line":200,"column":1}},"45":{"start":{"line":186,"column":1},"end":{"line":198,"column":3}},"46":{"start":{"line":188,"column":2},"end":{"line":190,"column":3}},"47":{"start":{"line":189,"column":3},"end":{"line":189,"column":16}},"48":{"start":{"line":192,"column":2},"end":{"line":194,"column":3}},"49":{"start":{"line":193,"column":3},"end":{"line":193,"column":16}},"50":{"start":{"line":196,"column":2},"end":{"line":196,"column":14}},"51":{"start":{"line":205,"column":0},"end":{"line":218,"column":2}},"52":{"start":{"line":227,"column":0},"end":{"line":270,"column":2}},"53":{"start":{"line":229,"column":1},"end":{"line":231,"column":2}},"54":{"start":{"line":230,"column":2},"end":{"line":230,"column":15}},"55":{"start":{"line":233,"column":1},"end":{"line":233,"column":24}},"56":{"start":{"line":236,"column":1},"end":{"line":238,"column":2}},"57":{"start":{"line":237,"column":2},"end":{"line":237,"column":15}},"58":{"start":{"line":241,"column":1},"end":{"line":249,"column":2}},"59":{"start":{"line":243,"column":2},"end":{"line":247,"column":3}},"60":{"start":{"line":244,"column":3},"end":{"line":246,"column":4}},"61":{"start":{"line":245,"column":4},"end":{"line":245,"column":16}},"62":{"start":{"line":253,"column":1},"end":{"line":253,"column":20}},"63":{"start":{"line":255,"column":1},"end":{"line":266,"column":2}},"64":{"start":{"line":257,"column":2},"end":{"line":257,"column":26}},"65":{"start":{"line":258,"column":2},"end":{"line":258,"column":41}},"66":{"start":{"line":260,"column":2},"end":{"line":262,"column":3}},"67":{"start":{"line":261,"column":3},"end":{"line":261,"column":23}},"68":{"start":{"line":264,"column":2},"end":{"line":264,"column":31}},"69":{"start":{"line":265,"column":2},"end":{"line":265,"column":15}},"70":{"start":{"line":268,"column":1},"end":{"line":268,"column":32}},"71":{"start":{"line":275,"column":0},"end":{"line":283,"column":2}},"72":{"start":{"line":277,"column":1},"end":{"line":279,"column":2}},"73":{"start":{"line":278,"column":2},"end":{"line":278,"column":15}},"74":{"start":{"line":281,"column":1},"end":{"line":281,"column":20}},"75":{"start":{"line":288,"column":0},"end":{"line":302,"column":2}},"76":{"start":{"line":290,"column":1},"end":{"line":292,"column":2}},"77":{"start":{"line":291,"column":2},"end":{"line":291,"column":15}},"78":{"start":{"line":294,"column":1},"end":{"line":294,"column":31}},"79":{"start":{"line":296,"column":1},"end":{"line":298,"column":2}},"80":{"start":{"line":297,"column":2},"end":{"line":297,"column":15}},"81":{"start":{"line":300,"column":1},"end":{"line":300,"column":13}},"82":{"start":{"line":304,"column":0},"end":{"line":304,"column":23}}},"branchMap":{"1":{"line":40,"type":"if","locations":[{"start":{"line":40,"column":1},"end":{"line":40,"column":1}},{"start":{"line":40,"column":1},"end":{"line":40,"column":1}}]},"2":{"line":40,"type":"binary-expr","locations":[{"start":{"line":40,"column":5},"end":{"line":40,"column":28}},{"start":{"line":40,"column":32},"end":{"line":40,"column":53}}]},"3":{"line":52,"type":"if","locations":[{"start":{"line":52,"column":1},"end":{"line":52,"column":1}},{"start":{"line":52,"column":1},"end":{"line":52,"column":1}}]},"4":{"line":115,"type":"if","locations":[{"start":{"line":115,"column":1},"end":{"line":115,"column":1}},{"start":{"line":115,"column":1},"end":{"line":115,"column":1}}]},"5":{"line":119,"type":"if","locations":[{"start":{"line":119,"column":1},"end":{"line":119,"column":1}},{"start":{"line":119,"column":1},"end":{"line":119,"column":1}}]},"6":{"line":132,"type":"if","locations":[{"start":{"line":132,"column":1},"end":{"line":132,"column":1}},{"start":{"line":132,"column":1},"end":{"line":132,"column":1}}]},"7":{"line":138,"type":"if","locations":[{"start":{"line":138,"column":2},"end":{"line":138,"column":2}},{"start":{"line":138,"column":2},"end":{"line":138,"column":2}}]},"8":{"line":171,"type":"if","locations":[{"start":{"line":171,"column":1},"end":{"line":171,"column":1}},{"start":{"line":171,"column":1},"end":{"line":171,"column":1}}]},"9":{"line":171,"type":"binary-expr","locations":[{"start":{"line":171,"column":5},"end":{"line":171,"column":28}},{"start":{"line":171,"column":32},"end":{"line":171,"column":53}}]},"10":{"line":188,"type":"if","locations":[{"start":{"line":188,"column":2},"end":{"line":188,"column":2}},{"start":{"line":188,"column":2},"end":{"line":188,"column":2}}]},"11":{"line":192,"type":"if","locations":[{"start":{"line":192,"column":2},"end":{"line":192,"column":2}},{"start":{"line":192,"column":2},"end":{"line":192,"column":2}}]},"12":{"line":229,"type":"if","locations":[{"start":{"line":229,"column":1},"end":{"line":229,"column":1}},{"start":{"line":229,"column":1},"end":{"line":229,"column":1}}]},"13":{"line":236,"type":"if","locations":[{"start":{"line":236,"column":1},"end":{"line":236,"column":1}},{"start":{"line":236,"column":1},"end":{"line":236,"column":1}}]},"14":{"line":236,"type":"binary-expr","locations":[{"start":{"line":236,"column":5},"end":{"line":236,"column":20}},{"start":{"line":236,"column":24},"end":{"line":236,"column":39}}]},"15":{"line":243,"type":"if","locations":[{"start":{"line":243,"column":2},"end":{"line":243,"column":2}},{"start":{"line":243,"column":2},"end":{"line":243,"column":2}}]},"16":{"line":244,"type":"if","locations":[{"start":{"line":244,"column":3},"end":{"line":244,"column":3}},{"start":{"line":244,"column":3},"end":{"line":244,"column":3}}]},"17":{"line":260,"type":"if","locations":[{"start":{"line":260,"column":2},"end":{"line":260,"column":2}},{"start":{"line":260,"column":2},"end":{"line":260,"column":2}}]},"18":{"line":260,"type":"binary-expr","locations":[{"start":{"line":260,"column":6},"end":{"line":260,"column":10}},{"start":{"line":260,"column":14},"end":{"line":260,"column":39}}]},"19":{"line":277,"type":"if","locations":[{"start":{"line":277,"column":1},"end":{"line":277,"column":1}},{"start":{"line":277,"column":1},"end":{"line":277,"column":1}}]},"20":{"line":290,"type":"if","locations":[{"start":{"line":290,"column":1},"end":{"line":290,"column":1}},{"start":{"line":290,"column":1},"end":{"line":290,"column":1}}]},"21":{"line":296,"type":"if","locations":[{"start":{"line":296,"column":1},"end":{"line":296,"column":1}},{"start":{"line":296,"column":1},"end":{"line":296,"column":1}}]},"22":{"line":296,"type":"binary-expr","locations":[{"start":{"line":296,"column":5},"end":{"line":296,"column":14}},{"start":{"line":296,"column":18},"end":{"line":296,"column":27}}]}}}}