TN:
SF:/Users/sebastiansandqvist/Documents/Sites & Projects/apps/modules/s-valid/index.js
FN:38,(anonymous_1)
FN:50,(anonymous_2)
FN:61,(anonymous_3)
FN:68,(anonymous_4)
FN:77,(anonymous_5)
FN:86,(anonymous_6)
FN:95,(anonymous_7)
FN:104,(anonymous_8)
FN:113,(anonymous_9)
FN:130,(anonymous_10)
FN:155,(anonymous_11)
FN:169,(anonymous_12)
FN:184,CreditCard
FN:186,(anonymous_14)
FN:227,(anonymous_15)
FN:275,(anonymous_16)
FN:288,(anonymous_17)
FNF:17
FNH:17
FNDA:147,(anonymous_1)
FNDA:108,(anonymous_2)
FNDA:46,(anonymous_3)
FNDA:25,(anonymous_4)
FNDA:15,(anonymous_5)
FNDA:17,(anonymous_6)
FNDA:9,(anonymous_7)
FNDA:19,(anonymous_8)
FNDA:12,(anonymous_9)
FNDA:25,(anonymous_10)
FNDA:21,(anonymous_11)
FNDA:88,(anonymous_12)
FNDA:12,CreditCard
FNDA:44,(anonymous_14)
FNDA:25,(anonymous_15)
FNDA:11,(anonymous_16)
FNDA:6,(anonymous_17)
DA:3,1
DA:12,1
DA:38,1
DA:40,147
DA:41,138
DA:44,9
DA:50,1
DA:52,108
DA:53,6
DA:56,102
DA:58,102
DA:61,1
DA:62,46
DA:68,1
DA:70,25
DA:77,1
DA:79,15
DA:86,1
DA:88,17
DA:95,1
DA:97,9
DA:104,1
DA:106,19
DA:113,1
DA:115,12
DA:116,1
DA:119,11
DA:120,1
DA:123,10
DA:130,1
DA:132,25
DA:134,24
DA:135,24
DA:138,24
DA:139,11
DA:145,1
DA:148,24
DA:155,1
DA:157,21
DA:169,1
DA:171,88
DA:172,84
DA:175,4
DA:184,1
DA:186,12
DA:188,44
DA:189,0
DA:192,44
DA:193,12
DA:196,32
DA:205,1
DA:227,1
DA:229,25
DA:230,1
DA:233,24
DA:236,24
DA:237,0
DA:241,24
DA:243,121
DA:244,121
DA:245,22
DA:253,2
DA:255,2
DA:257,32
DA:258,32
DA:260,32
DA:261,5
DA:264,32
DA:265,32
DA:268,2
DA:275,1
DA:277,11
DA:278,1
DA:281,10
DA:288,1
DA:290,6
DA:291,1
DA:294,5
DA:296,5
DA:297,3
DA:300,2
DA:304,1
LF:82
LH:80
BRDA:40,1,0,138
BRDA:40,1,1,9
BRDA:40,2,0,147
BRDA:40,2,1,9
BRDA:52,3,0,6
BRDA:52,3,1,102
BRDA:115,4,0,1
BRDA:115,4,1,11
BRDA:119,5,0,1
BRDA:119,5,1,10
BRDA:132,6,0,24
BRDA:132,6,1,1
BRDA:138,7,0,11
BRDA:138,7,1,13
BRDA:171,8,0,84
BRDA:171,8,1,4
BRDA:171,9,0,88
BRDA:171,9,1,4
BRDA:188,10,0,0
BRDA:188,10,1,44
BRDA:192,11,0,12
BRDA:192,11,1,32
BRDA:229,12,0,1
BRDA:229,12,1,24
BRDA:236,13,0,0
BRDA:236,13,1,24
BRDA:236,14,0,24
BRDA:236,14,1,24
BRDA:243,15,0,121
BRDA:243,15,1,0
BRDA:244,16,0,22
BRDA:244,16,1,99
BRDA:260,17,0,5
BRDA:260,17,1,27
BRDA:260,18,0,32
BRDA:260,18,1,16
BRDA:277,19,0,1
BRDA:277,19,1,10
BRDA:290,20,0,1
BRDA:290,20,1,5
BRDA:296,21,0,3
BRDA:296,21,1,2
BRDA:296,22,0,5
BRDA:296,22,1,4
BRF:44
BRH:41
end_of_record
